  berke.cpp
  candyy.cpp
  ConsoleApplication3.cpp
  entegre.cpp
  FileName.cpp
  me.cpp
C:\Users\ASUS\Desktop\OZGEveBERKE_PROJE\OZGEveBERKE_PROJE\ConsoleApplication3\entegre.cpp(127,56): warning C4244: 'bağımsız değişken': 'float' - 'int' dönüşümü; veri kaybı olabilir
C:\Users\ASUS\Desktop\OZGEveBERKE_PROJE\OZGEveBERKE_PROJE\ConsoleApplication3\entegre.cpp(127,40): warning C4244: 'bağımsız değişken': 'float' - 'int' dönüşümü; veri kaybı olabilir
C:\Users\ASUS\Desktop\OZGEveBERKE_PROJE\OZGEveBERKE_PROJE\ConsoleApplication3\entegre.cpp(130,68): warning C4244: 'bağımsız değişken': 'float' - 'int' dönüşümü; veri kaybı olabilir
C:\Users\ASUS\Desktop\OZGEveBERKE_PROJE\OZGEveBERKE_PROJE\ConsoleApplication3\entegre.cpp(130,48): warning C4244: 'bağımsız değişken': 'float' - 'int' dönüşümü; veri kaybı olabilir
C:\Users\ASUS\Desktop\OZGEveBERKE_PROJE\OZGEveBERKE_PROJE\ConsoleApplication3\entegre.cpp(133,56): warning C4244: 'bağımsız değişken': 'float' - 'int' dönüşümü; veri kaybı olabilir
C:\Users\ASUS\Desktop\OZGEveBERKE_PROJE\OZGEveBERKE_PROJE\ConsoleApplication3\entegre.cpp(133,40): warning C4244: 'bağımsız değişken': 'float' - 'int' dönüşümü; veri kaybı olabilir
C:\Users\ASUS\Desktop\OZGEveBERKE_PROJE\OZGEveBERKE_PROJE\ConsoleApplication3\entegre.cpp(161,55): warning C4244: 'bağımsız değişken': 'float' - 'int' dönüşümü; veri kaybı olabilir
C:\Users\ASUS\Desktop\OZGEveBERKE_PROJE\OZGEveBERKE_PROJE\ConsoleApplication3\entegre.cpp(161,36): warning C4244: 'bağımsız değişken': 'float' - 'int' dönüşümü; veri kaybı olabilir
C:\Users\ASUS\Desktop\OZGEveBERKE_PROJE\OZGEveBERKE_PROJE\ConsoleApplication3\entegre.cpp(162,55): warning C4244: 'bağımsız değişken': 'float' - 'int' dönüşümü; veri kaybı olabilir
C:\Users\ASUS\Desktop\OZGEveBERKE_PROJE\OZGEveBERKE_PROJE\ConsoleApplication3\entegre.cpp(162,36): warning C4244: 'bağımsız değişken': 'float' - 'int' dönüşümü; veri kaybı olabilir
C:\Users\ASUS\Desktop\OZGEveBERKE_PROJE\OZGEveBERKE_PROJE\ConsoleApplication3\entegre.cpp(163,55): warning C4244: 'bağımsız değişken': 'float' - 'int' dönüşümü; veri kaybı olabilir
C:\Users\ASUS\Desktop\OZGEveBERKE_PROJE\OZGEveBERKE_PROJE\ConsoleApplication3\entegre.cpp(163,36): warning C4244: 'bağımsız değişken': 'float' - 'int' dönüşümü; veri kaybı olabilir
C:\Users\ASUS\Desktop\OZGEveBERKE_PROJE\OZGEveBERKE_PROJE\ConsoleApplication3\entegre.cpp(171,52): warning C4244: 'bağımsız değişken': 'float' - 'int' dönüşümü; veri kaybı olabilir
C:\Users\ASUS\Desktop\OZGEveBERKE_PROJE\OZGEveBERKE_PROJE\ConsoleApplication3\entegre.cpp(170,51): warning C4244: 'bağımsız değişken': 'float' - 'int' dönüşümü; veri kaybı olabilir
C:\Users\ASUS\Desktop\OZGEveBERKE_PROJE\OZGEveBERKE_PROJE\ConsoleApplication3\entegre.cpp(178,52): warning C4244: 'bağımsız değişken': 'float' - 'int' dönüşümü; veri kaybı olabilir
C:\Users\ASUS\Desktop\OZGEveBERKE_PROJE\OZGEveBERKE_PROJE\ConsoleApplication3\entegre.cpp(177,51): warning C4244: 'bağımsız değişken': 'float' - 'int' dönüşümü; veri kaybı olabilir
C:\Users\ASUS\Desktop\OZGEveBERKE_PROJE\OZGEveBERKE_PROJE\ConsoleApplication3\entegre.cpp(185,52): warning C4244: 'bağımsız değişken': 'float' - 'int' dönüşümü; veri kaybı olabilir
C:\Users\ASUS\Desktop\OZGEveBERKE_PROJE\OZGEveBERKE_PROJE\ConsoleApplication3\entegre.cpp(184,51): warning C4244: 'bağımsız değişken': 'float' - 'int' dönüşümü; veri kaybı olabilir
C:\Users\ASUS\Desktop\OZGEveBERKE_PROJE\OZGEveBERKE_PROJE\ConsoleApplication3\entegre.cpp(265,57): warning C4244: 'bağımsız değişken': 'float' - 'int' dönüşümü; veri kaybı olabilir
C:\Users\ASUS\Desktop\OZGEveBERKE_PROJE\OZGEveBERKE_PROJE\ConsoleApplication3\entegre.cpp(265,34): warning C4244: 'bağımsız değişken': 'float' - 'int' dönüşümü; veri kaybı olabilir
C:\Users\ASUS\Desktop\OZGEveBERKE_PROJE\OZGEveBERKE_PROJE\ConsoleApplication3\entegre.cpp(268,68): warning C4244: 'bağımsız değişken': 'float' - 'int' dönüşümü; veri kaybı olabilir
C:\Users\ASUS\Desktop\OZGEveBERKE_PROJE\OZGEveBERKE_PROJE\ConsoleApplication3\entegre.cpp(268,48): warning C4244: 'bağımsız değişken': 'float' - 'int' dönüşümü; veri kaybı olabilir
C:\Users\ASUS\Desktop\OZGEveBERKE_PROJE\OZGEveBERKE_PROJE\ConsoleApplication3\entegre.cpp(271,72): warning C4244: 'bağımsız değişken': 'float' - 'int' dönüşümü; veri kaybı olabilir
C:\Users\ASUS\Desktop\OZGEveBERKE_PROJE\OZGEveBERKE_PROJE\ConsoleApplication3\entegre.cpp(271,50): warning C4244: 'bağımsız değişken': 'float' - 'int' dönüşümü; veri kaybı olabilir
C:\Users\ASUS\Desktop\OZGEveBERKE_PROJE\OZGEveBERKE_PROJE\ConsoleApplication3\entegre.cpp(279,56): warning C4244: 'bağımsız değişken': 'float' - 'int' dönüşümü; veri kaybı olabilir
C:\Users\ASUS\Desktop\OZGEveBERKE_PROJE\OZGEveBERKE_PROJE\ConsoleApplication3\entegre.cpp(279,40): warning C4244: 'bağımsız değişken': 'float' - 'int' dönüşümü; veri kaybı olabilir
C:\Users\ASUS\Desktop\OZGEveBERKE_PROJE\OZGEveBERKE_PROJE\ConsoleApplication3\entegre.cpp(319,53): warning C4244: 'bağımsız değişken': 'float' - 'int' dönüşümü; veri kaybı olabilir
C:\Users\ASUS\Desktop\OZGEveBERKE_PROJE\OZGEveBERKE_PROJE\ConsoleApplication3\entegre.cpp(319,38): warning C4244: 'bağımsız değişken': 'float' - 'int' dönüşümü; veri kaybı olabilir
C:\Users\ASUS\Desktop\OZGEveBERKE_PROJE\OZGEveBERKE_PROJE\ConsoleApplication3\entegre.cpp(322,50): warning C4244: 'bağımsız değişken': 'float' - 'int' dönüşümü; veri kaybı olabilir
C:\Users\ASUS\Desktop\OZGEveBERKE_PROJE\OZGEveBERKE_PROJE\ConsoleApplication3\entegre.cpp(322,36): warning C4244: 'bağımsız değişken': 'float' - 'int' dönüşümü; veri kaybı olabilir
C:\Users\ASUS\Desktop\OZGEveBERKE_PROJE\OZGEveBERKE_PROJE\ConsoleApplication3\me.cpp(168,15): warning C4244: 'bağımsız değişken': 'time_t' - 'unsigned int' dönüşümü; veri kaybı olabilir
C:\Users\ASUS\Desktop\OZGEveBERKE_PROJE\OZGEveBERKE_PROJE\ConsoleApplication3\me.cpp(208,21): warning C4244: 'başlatılıyor': 'float' - 'int' dönüşümü; veri kaybı olabilir
C:\Users\ASUS\Desktop\OZGEveBERKE_PROJE\OZGEveBERKE_PROJE\ConsoleApplication3\me.cpp(209,21): warning C4244: 'başlatılıyor': 'float' - 'int' dönüşümü; veri kaybı olabilir
C:\Users\ASUS\Desktop\OZGEveBERKE_PROJE\OZGEveBERKE_PROJE\ConsoleApplication3\me.cpp(212,30): warning C4244: '=': 'int' - 'float' dönüşümü; veri kaybı olabilir
C:\Users\ASUS\Desktop\OZGEveBERKE_PROJE\OZGEveBERKE_PROJE\ConsoleApplication3\me.cpp(213,30): warning C4244: '=': 'int' - 'float' dönüşümü; veri kaybı olabilir
C:\Users\ASUS\Desktop\OZGEveBERKE_PROJE\OZGEveBERKE_PROJE\ConsoleApplication3\me.cpp(224,40): warning C4244: '=': 'int' - 'float' dönüşümü; veri kaybı olabilir
C:\Users\ASUS\Desktop\OZGEveBERKE_PROJE\OZGEveBERKE_PROJE\ConsoleApplication3\me.cpp(225,40): warning C4244: '=': 'int' - 'float' dönüşümü; veri kaybı olabilir
C:\Users\ASUS\Desktop\OZGEveBERKE_PROJE\OZGEveBERKE_PROJE\ConsoleApplication3\me.cpp(264,65): warning C4838: 'int ile 'float arasında dönüştürme bir daraltma dönüştürmesi gerektiriyor
C:\Users\ASUS\Desktop\OZGEveBERKE_PROJE\OZGEveBERKE_PROJE\ConsoleApplication3\me.cpp(264,65): warning C4244: 'başlatılıyor': 'int' - 'float' dönüşümü; veri kaybı olabilir
C:\Users\ASUS\Desktop\OZGEveBERKE_PROJE\OZGEveBERKE_PROJE\ConsoleApplication3\me.cpp(265,65): warning C4838: 'int ile 'float arasında dönüştürme bir daraltma dönüştürmesi gerektiriyor
C:\Users\ASUS\Desktop\OZGEveBERKE_PROJE\OZGEveBERKE_PROJE\ConsoleApplication3\me.cpp(265,65): warning C4244: 'başlatılıyor': 'int' - 'float' dönüşümü; veri kaybı olabilir
C:\Users\ASUS\Desktop\OZGEveBERKE_PROJE\OZGEveBERKE_PROJE\ConsoleApplication3\me.cpp(275,57): warning C4838: 'int ile 'float arasında dönüştürme bir daraltma dönüştürmesi gerektiriyor
C:\Users\ASUS\Desktop\OZGEveBERKE_PROJE\OZGEveBERKE_PROJE\ConsoleApplication3\me.cpp(275,57): warning C4244: 'başlatılıyor': 'int' - 'float' dönüşümü; veri kaybı olabilir
C:\Users\ASUS\Desktop\OZGEveBERKE_PROJE\OZGEveBERKE_PROJE\ConsoleApplication3\me.cpp(276,57): warning C4838: 'int ile 'float arasında dönüştürme bir daraltma dönüştürmesi gerektiriyor
C:\Users\ASUS\Desktop\OZGEveBERKE_PROJE\OZGEveBERKE_PROJE\ConsoleApplication3\me.cpp(276,57): warning C4244: 'başlatılıyor': 'int' - 'float' dönüşümü; veri kaybı olabilir
C:\Users\ASUS\Desktop\OZGEveBERKE_PROJE\OZGEveBERKE_PROJE\ConsoleApplication3\me.cpp(303,61): warning C4838: 'int ile 'float arasında dönüştürme bir daraltma dönüştürmesi gerektiriyor
C:\Users\ASUS\Desktop\OZGEveBERKE_PROJE\OZGEveBERKE_PROJE\ConsoleApplication3\me.cpp(303,61): warning C4244: 'başlatılıyor': 'int' - 'float' dönüşümü; veri kaybı olabilir
C:\Users\ASUS\Desktop\OZGEveBERKE_PROJE\OZGEveBERKE_PROJE\ConsoleApplication3\me.cpp(304,68): warning C4838: 'int ile 'float arasında dönüştürme bir daraltma dönüştürmesi gerektiriyor
C:\Users\ASUS\Desktop\OZGEveBERKE_PROJE\OZGEveBERKE_PROJE\ConsoleApplication3\me.cpp(304,68): warning C4244: 'başlatılıyor': 'int' - 'float' dönüşümü; veri kaybı olabilir
C:\Users\ASUS\Desktop\OZGEveBERKE_PROJE\OZGEveBERKE_PROJE\ConsoleApplication3\me.cpp(313,68): warning C4838: 'int ile 'float arasında dönüştürme bir daraltma dönüştürmesi gerektiriyor
C:\Users\ASUS\Desktop\OZGEveBERKE_PROJE\OZGEveBERKE_PROJE\ConsoleApplication3\me.cpp(313,68): warning C4244: 'başlatılıyor': 'int' - 'float' dönüşümü; veri kaybı olabilir
C:\Users\ASUS\Desktop\OZGEveBERKE_PROJE\OZGEveBERKE_PROJE\ConsoleApplication3\me.cpp(314,61): warning C4838: 'int ile 'float arasında dönüştürme bir daraltma dönüştürmesi gerektiriyor
C:\Users\ASUS\Desktop\OZGEveBERKE_PROJE\OZGEveBERKE_PROJE\ConsoleApplication3\me.cpp(314,61): warning C4244: 'başlatılıyor': 'int' - 'float' dönüşümü; veri kaybı olabilir
C:\Users\ASUS\Desktop\OZGEveBERKE_PROJE\OZGEveBERKE_PROJE\ConsoleApplication3\me.cpp(323,60): warning C4838: 'int ile 'float arasında dönüştürme bir daraltma dönüştürmesi gerektiriyor
C:\Users\ASUS\Desktop\OZGEveBERKE_PROJE\OZGEveBERKE_PROJE\ConsoleApplication3\me.cpp(323,60): warning C4244: 'başlatılıyor': 'int' - 'float' dönüşümü; veri kaybı olabilir
C:\Users\ASUS\Desktop\OZGEveBERKE_PROJE\OZGEveBERKE_PROJE\ConsoleApplication3\me.cpp(324,60): warning C4838: 'int ile 'float arasında dönüştürme bir daraltma dönüştürmesi gerektiriyor
C:\Users\ASUS\Desktop\OZGEveBERKE_PROJE\OZGEveBERKE_PROJE\ConsoleApplication3\me.cpp(324,60): warning C4244: 'başlatılıyor': 'int' - 'float' dönüşümü; veri kaybı olabilir
C:\Users\ASUS\Desktop\OZGEveBERKE_PROJE\OZGEveBERKE_PROJE\ConsoleApplication3\me.cpp(352,62): warning C4244: 'bağımsız değişken': 'int' - 'float' dönüşümü; veri kaybı olabilir
C:\Users\ASUS\Desktop\OZGEveBERKE_PROJE\OZGEveBERKE_PROJE\ConsoleApplication3\me.cpp(362,51): warning C4244: 'bağımsız değişken': 'float' - 'int' dönüşümü; veri kaybı olabilir
C:\Users\ASUS\Desktop\OZGEveBERKE_PROJE\OZGEveBERKE_PROJE\ConsoleApplication3\me.cpp(362,30): warning C4244: 'bağımsız değişken': 'float' - 'int' dönüşümü; veri kaybı olabilir
C:\Users\ASUS\Desktop\OZGEveBERKE_PROJE\OZGEveBERKE_PROJE\ConsoleApplication3\me.cpp(365,9): warning C4838: 'int ile 'float arasında dönüştürme bir daraltma dönüştürmesi gerektiriyor
C:\Users\ASUS\Desktop\OZGEveBERKE_PROJE\OZGEveBERKE_PROJE\ConsoleApplication3\me.cpp(365,9): warning C4244: 'başlatılıyor': 'int' - 'float' dönüşümü; veri kaybı olabilir
C:\Users\ASUS\Desktop\OZGEveBERKE_PROJE\OZGEveBERKE_PROJE\ConsoleApplication3\me.cpp(366,9): warning C4838: 'int ile 'float arasında dönüştürme bir daraltma dönüştürmesi gerektiriyor
C:\Users\ASUS\Desktop\OZGEveBERKE_PROJE\OZGEveBERKE_PROJE\ConsoleApplication3\me.cpp(366,9): warning C4244: 'başlatılıyor': 'int' - 'float' dönüşümü; veri kaybı olabilir
C:\Users\ASUS\Desktop\OZGEveBERKE_PROJE\OZGEveBERKE_PROJE\ConsoleApplication3\me.cpp(367,9): warning C4838: 'int ile 'float arasında dönüştürme bir daraltma dönüştürmesi gerektiriyor
C:\Users\ASUS\Desktop\OZGEveBERKE_PROJE\OZGEveBERKE_PROJE\ConsoleApplication3\me.cpp(367,9): warning C4244: 'başlatılıyor': 'int' - 'float' dönüşümü; veri kaybı olabilir
C:\Users\ASUS\Desktop\OZGEveBERKE_PROJE\OZGEveBERKE_PROJE\ConsoleApplication3\me.cpp(368,9): warning C4838: 'int ile 'float arasında dönüştürme bir daraltma dönüştürmesi gerektiriyor
C:\Users\ASUS\Desktop\OZGEveBERKE_PROJE\OZGEveBERKE_PROJE\ConsoleApplication3\me.cpp(368,9): warning C4244: 'başlatılıyor': 'int' - 'float' dönüşümü; veri kaybı olabilir
C:\Users\ASUS\Desktop\OZGEveBERKE_PROJE\OZGEveBERKE_PROJE\ConsoleApplication3\me.cpp(375,17): warning C4838: 'int ile 'float arasında dönüştürme bir daraltma dönüştürmesi gerektiriyor
C:\Users\ASUS\Desktop\OZGEveBERKE_PROJE\OZGEveBERKE_PROJE\ConsoleApplication3\me.cpp(375,17): warning C4244: 'başlatılıyor': 'int' - 'float' dönüşümü; veri kaybı olabilir
C:\Users\ASUS\Desktop\OZGEveBERKE_PROJE\OZGEveBERKE_PROJE\ConsoleApplication3\me.cpp(376,17): warning C4838: 'int ile 'float arasında dönüştürme bir daraltma dönüştürmesi gerektiriyor
C:\Users\ASUS\Desktop\OZGEveBERKE_PROJE\OZGEveBERKE_PROJE\ConsoleApplication3\me.cpp(376,17): warning C4244: 'başlatılıyor': 'int' - 'float' dönüşümü; veri kaybı olabilir
C:\Users\ASUS\Desktop\OZGEveBERKE_PROJE\OZGEveBERKE_PROJE\ConsoleApplication3\me.cpp(377,24): warning C4838: 'int ile 'float arasında dönüştürme bir daraltma dönüştürmesi gerektiriyor
C:\Users\ASUS\Desktop\OZGEveBERKE_PROJE\OZGEveBERKE_PROJE\ConsoleApplication3\me.cpp(377,24): warning C4244: 'başlatılıyor': 'int' - 'float' dönüşümü; veri kaybı olabilir
C:\Users\ASUS\Desktop\OZGEveBERKE_PROJE\OZGEveBERKE_PROJE\ConsoleApplication3\me.cpp(378,25): warning C4838: 'int ile 'float arasında dönüştürme bir daraltma dönüştürmesi gerektiriyor
C:\Users\ASUS\Desktop\OZGEveBERKE_PROJE\OZGEveBERKE_PROJE\ConsoleApplication3\me.cpp(378,25): warning C4244: 'başlatılıyor': 'int' - 'float' dönüşümü; veri kaybı olabilir
C:\Users\ASUS\Desktop\OZGEveBERKE_PROJE\OZGEveBERKE_PROJE\ConsoleApplication3\me.cpp(388,32): warning C4838: 'int ile 'float arasında dönüştürme bir daraltma dönüştürmesi gerektiriyor
C:\Users\ASUS\Desktop\OZGEveBERKE_PROJE\OZGEveBERKE_PROJE\ConsoleApplication3\me.cpp(388,32): warning C4244: 'başlatılıyor': 'int' - 'float' dönüşümü; veri kaybı olabilir
C:\Users\ASUS\Desktop\OZGEveBERKE_PROJE\OZGEveBERKE_PROJE\ConsoleApplication3\me.cpp(388,39): warning C4838: 'int ile 'float arasında dönüştürme bir daraltma dönüştürmesi gerektiriyor
C:\Users\ASUS\Desktop\OZGEveBERKE_PROJE\OZGEveBERKE_PROJE\ConsoleApplication3\me.cpp(388,39): warning C4244: 'başlatılıyor': 'int' - 'float' dönüşümü; veri kaybı olabilir
C:\Users\ASUS\Desktop\OZGEveBERKE_PROJE\OZGEveBERKE_PROJE\ConsoleApplication3\me.cpp(391,32): warning C4838: 'int ile 'float arasında dönüştürme bir daraltma dönüştürmesi gerektiriyor
C:\Users\ASUS\Desktop\OZGEveBERKE_PROJE\OZGEveBERKE_PROJE\ConsoleApplication3\me.cpp(391,32): warning C4244: 'başlatılıyor': 'int' - 'float' dönüşümü; veri kaybı olabilir
C:\Users\ASUS\Desktop\OZGEveBERKE_PROJE\OZGEveBERKE_PROJE\ConsoleApplication3\me.cpp(391,39): warning C4838: 'int ile 'float arasında dönüştürme bir daraltma dönüştürmesi gerektiriyor
C:\Users\ASUS\Desktop\OZGEveBERKE_PROJE\OZGEveBERKE_PROJE\ConsoleApplication3\me.cpp(391,39): warning C4244: 'başlatılıyor': 'int' - 'float' dönüşümü; veri kaybı olabilir
C:\Users\ASUS\Desktop\OZGEveBERKE_PROJE\OZGEveBERKE_PROJE\ConsoleApplication3\me.cpp(419,59): warning C4838: 'int ile 'float arasında dönüştürme bir daraltma dönüştürmesi gerektiriyor
C:\Users\ASUS\Desktop\OZGEveBERKE_PROJE\OZGEveBERKE_PROJE\ConsoleApplication3\me.cpp(419,59): warning C4244: 'başlatılıyor': 'int' - 'float' dönüşümü; veri kaybı olabilir
C:\Users\ASUS\Desktop\OZGEveBERKE_PROJE\OZGEveBERKE_PROJE\ConsoleApplication3\me.cpp(420,53): warning C4838: 'int ile 'float arasında dönüştürme bir daraltma dönüştürmesi gerektiriyor
C:\Users\ASUS\Desktop\OZGEveBERKE_PROJE\OZGEveBERKE_PROJE\ConsoleApplication3\me.cpp(420,53): warning C4244: 'başlatılıyor': 'int' - 'float' dönüşümü; veri kaybı olabilir
C:\Users\ASUS\Desktop\OZGEveBERKE_PROJE\OZGEveBERKE_PROJE\ConsoleApplication3\me.cpp(445,59): warning C4838: 'int ile 'float arasında dönüştürme bir daraltma dönüştürmesi gerektiriyor
C:\Users\ASUS\Desktop\OZGEveBERKE_PROJE\OZGEveBERKE_PROJE\ConsoleApplication3\me.cpp(445,59): warning C4244: 'başlatılıyor': 'int' - 'float' dönüşümü; veri kaybı olabilir
C:\Users\ASUS\Desktop\OZGEveBERKE_PROJE\OZGEveBERKE_PROJE\ConsoleApplication3\me.cpp(446,53): warning C4838: 'int ile 'float arasında dönüştürme bir daraltma dönüştürmesi gerektiriyor
C:\Users\ASUS\Desktop\OZGEveBERKE_PROJE\OZGEveBERKE_PROJE\ConsoleApplication3\me.cpp(446,53): warning C4244: 'başlatılıyor': 'int' - 'float' dönüşümü; veri kaybı olabilir
C:\Users\ASUS\Desktop\OZGEveBERKE_PROJE\OZGEveBERKE_PROJE\ConsoleApplication3\me.cpp(469,59): warning C4838: 'int ile 'float arasında dönüştürme bir daraltma dönüştürmesi gerektiriyor
C:\Users\ASUS\Desktop\OZGEveBERKE_PROJE\OZGEveBERKE_PROJE\ConsoleApplication3\me.cpp(469,59): warning C4244: 'başlatılıyor': 'int' - 'float' dönüşümü; veri kaybı olabilir
C:\Users\ASUS\Desktop\OZGEveBERKE_PROJE\OZGEveBERKE_PROJE\ConsoleApplication3\me.cpp(470,53): warning C4838: 'int ile 'float arasında dönüştürme bir daraltma dönüştürmesi gerektiriyor
C:\Users\ASUS\Desktop\OZGEveBERKE_PROJE\OZGEveBERKE_PROJE\ConsoleApplication3\me.cpp(470,53): warning C4244: 'başlatılıyor': 'int' - 'float' dönüşümü; veri kaybı olabilir
C:\Users\ASUS\Desktop\OZGEveBERKE_PROJE\OZGEveBERKE_PROJE\ConsoleApplication3\me.cpp(493,53): warning C4838: 'int ile 'float arasında dönüştürme bir daraltma dönüştürmesi gerektiriyor
C:\Users\ASUS\Desktop\OZGEveBERKE_PROJE\OZGEveBERKE_PROJE\ConsoleApplication3\me.cpp(493,53): warning C4244: 'başlatılıyor': 'int' - 'float' dönüşümü; veri kaybı olabilir
C:\Users\ASUS\Desktop\OZGEveBERKE_PROJE\OZGEveBERKE_PROJE\ConsoleApplication3\me.cpp(494,59): warning C4838: 'int ile 'float arasında dönüştürme bir daraltma dönüştürmesi gerektiriyor
C:\Users\ASUS\Desktop\OZGEveBERKE_PROJE\OZGEveBERKE_PROJE\ConsoleApplication3\me.cpp(494,59): warning C4244: 'başlatılıyor': 'int' - 'float' dönüşümü; veri kaybı olabilir
C:\Users\ASUS\Desktop\OZGEveBERKE_PROJE\OZGEveBERKE_PROJE\ConsoleApplication3\me.cpp(511,53): warning C4838: 'int ile 'float arasında dönüştürme bir daraltma dönüştürmesi gerektiriyor
C:\Users\ASUS\Desktop\OZGEveBERKE_PROJE\OZGEveBERKE_PROJE\ConsoleApplication3\me.cpp(511,53): warning C4244: 'başlatılıyor': 'int' - 'float' dönüşümü; veri kaybı olabilir
C:\Users\ASUS\Desktop\OZGEveBERKE_PROJE\OZGEveBERKE_PROJE\ConsoleApplication3\me.cpp(512,59): warning C4838: 'int ile 'float arasında dönüştürme bir daraltma dönüştürmesi gerektiriyor
C:\Users\ASUS\Desktop\OZGEveBERKE_PROJE\OZGEveBERKE_PROJE\ConsoleApplication3\me.cpp(512,59): warning C4244: 'başlatılıyor': 'int' - 'float' dönüşümü; veri kaybı olabilir
C:\Users\ASUS\Desktop\OZGEveBERKE_PROJE\OZGEveBERKE_PROJE\ConsoleApplication3\me.cpp(535,53): warning C4838: 'int ile 'float arasında dönüştürme bir daraltma dönüştürmesi gerektiriyor
C:\Users\ASUS\Desktop\OZGEveBERKE_PROJE\OZGEveBERKE_PROJE\ConsoleApplication3\me.cpp(535,53): warning C4244: 'başlatılıyor': 'int' - 'float' dönüşümü; veri kaybı olabilir
C:\Users\ASUS\Desktop\OZGEveBERKE_PROJE\OZGEveBERKE_PROJE\ConsoleApplication3\me.cpp(536,59): warning C4838: 'int ile 'float arasında dönüştürme bir daraltma dönüştürmesi gerektiriyor
C:\Users\ASUS\Desktop\OZGEveBERKE_PROJE\OZGEveBERKE_PROJE\ConsoleApplication3\me.cpp(536,59): warning C4244: 'başlatılıyor': 'int' - 'float' dönüşümü; veri kaybı olabilir
C:\Users\ASUS\Desktop\OZGEveBERKE_PROJE\OZGEveBERKE_PROJE\ConsoleApplication3\me.cpp(560,64): warning C4838: 'int ile 'float arasında dönüştürme bir daraltma dönüştürmesi gerektiriyor
C:\Users\ASUS\Desktop\OZGEveBERKE_PROJE\OZGEveBERKE_PROJE\ConsoleApplication3\me.cpp(560,64): warning C4244: 'başlatılıyor': 'int' - 'float' dönüşümü; veri kaybı olabilir
C:\Users\ASUS\Desktop\OZGEveBERKE_PROJE\OZGEveBERKE_PROJE\ConsoleApplication3\me.cpp(561,64): warning C4838: 'int ile 'float arasında dönüştürme bir daraltma dönüştürmesi gerektiriyor
C:\Users\ASUS\Desktop\OZGEveBERKE_PROJE\OZGEveBERKE_PROJE\ConsoleApplication3\me.cpp(561,64): warning C4244: 'başlatılıyor': 'int' - 'float' dönüşümü; veri kaybı olabilir
  yeni.cpp
  Kod Üretiliyor...
  LINK : C:\Users\ASUS\Desktop\OZGEveBERKE_PROJE\OZGEveBERKE_PROJE\x64\Debug\ConsoleApplication3.exe bulunamadı veya son artımlı bağlantı tarafından oluşturulmadı; tam bağlantı gerçekleştiriliyor
LINK : warning LNK4098: defaultlib 'MSVCRT' diğer kitaplıkların kullanımı ile çakışıyor; /NODEFAULTLIB:library kullanın
  ConsoleApplication3.vcxproj -> C:\Users\ASUS\Desktop\OZGEveBERKE_PROJE\OZGEveBERKE_PROJE\x64\Debug\ConsoleApplication3.exe
